#
# A fatal error has been detected by the Java Runtime Environment:
#
#  EXCEPTION_ACCESS_VIOLATION (0xc0000005) at pc=0x00007ffaeb021b85, pid=114332, tid=107284
#
# JRE version:  (21.0.5+9) (build )
# Java VM: Java HotSpot(TM) 64-Bit Server VM (21.0.5+9-LTS-239, mixed mode, sharing, tiered, compressed class ptrs, unknown gc, windows-amd64)
# Problematic frame:
# C  [jimage.dll+0x1b85]
#
# No core dump will be written. Minidumps are not enabled by default on client versions of Windows
#
#

---------------  S U M M A R Y ------------

Command Line: 

Host: AMD Ryzen 5 7600X 6-Core Processor             , 12 cores, 15G,  Windows 11 , 64 bit Build 26100 (10.0.26100.3912)
Time: Thu Jun  5 17:51:10 2025 SA Pacific Standard Time elapsed time: 1.017714 seconds (0d 0h 0m 1s)

---------------  T H R E A D  ---------------

Current thread is native thread

Stack: [0x000000cd8e100000,0x000000cd8e200000],  sp=0x000000cd8e1fe0d0,  free space=1016k
Native frames: (J=compiled Java code, j=interpreted, Vv=VM code, C=native code)
C  [jimage.dll+0x1b85]
C  [jimage.dll+0x1d13]
C  [jimage.dll+0x25dd]
V  [jvm.dll+0x21ce42]
V  [jvm.dll+0xc9107]
V  [jvm.dll+0x806f9c]
V  [jvm.dll+0x44f96e]
V  [jvm.dll+0x451561]
C  [jli.dll+0x52a3]
C  [ucrtbase.dll+0x37b0]
C  [KERNEL32.DLL+0x2e8d7]
C  [ntdll.dll+0x9c5dc]


siginfo: EXCEPTION_ACCESS_VIOLATION (0xc0000005), reading address 0x000000000000b3cc


Registers:
RAX=0x0000000000002cec, RBX=0x000000cd8e1fe1c1, RCX=0x00007ffaeb026000, RDX=0x0000000000002cec
RSP=0x000000cd8e1fe0d0, RBP=0x000000cd8e1fe1c0, RSI=0x0000000000007724, RDI=0x000000cd8e1fe1c0
R8 =0x00007ffaeb024298, R9 =0x000000000000001c, R10=0x00007ffad8400000, R11=0x00007ffaeb026000
R12=0x0000000000000000, R13=0x000000cd8e1ffc30, R14=0x000000cd8e1ff230, R15=0x00007ffa436728c8
RIP=0x00007ffaeb021b85, EFLAGS=0x0000000000010212


Top of Stack: (sp=0x000000cd8e1fe0d0)
0x000000cd8e1fe0d0:   0000000000000000 000000cd8e1fe598
0x000000cd8e1fe0e0:   0000000000000000 0000000000000000
0x000000cd8e1fe0f0:   0000024b45a02940 00007ffaeb021d13
0x000000cd8e1fe100:   000000000000000b 0000024b45a02940
0x000000cd8e1fe110:   0000000000000000 0000000000000000
0x000000cd8e1fe120:   0000000000000000 0000000000000000
0x000000cd8e1fe130:   0000000000000000 0000000000000000
0x000000cd8e1fe140:   0000002900000000 0000000000000000
0x000000cd8e1fe150:   0000000000000000 0000000000000000
0x000000cd8e1fe160:   00003530d1282fc4 0000000000000000
0x000000cd8e1fe170:   00007ffa43650130 0000000000000017
0x000000cd8e1fe180:   0000024b45a02940 000000cd8e1ff230
0x000000cd8e1fe190:   000000000000000b 00007ffaeb0225dd
0x000000cd8e1fe1a0:   0000000000000000 0000000000000000
0x000000cd8e1fe1b0:   0000024b45a075a0 0000000000000000
0x000000cd8e1fe1c0:   61622e6176616a2f 692f6b646a2f6573
0x000000cd8e1fe1d0:   2f6c616e7265746e 6f6974706f2f6d76
0x000000cd8e1fe1e0:   000000000000736e 0000000000000000
0x000000cd8e1fe1f0:   0000000000000000 0000000000000000
0x000000cd8e1fe200:   0000024b45a07780 0000000000000000
0x000000cd8e1fe210:   0000000000000000 0000000000000000
0x000000cd8e1fe220:   0000000000000000 0000000000000000
0x000000cd8e1fe230:   0000000000000000 0000000000000000
0x000000cd8e1fe240:   0000000000000000 0000000000000000
0x000000cd8e1fe250:   0000000000000000 0000000000000000
0x000000cd8e1fe260:   0000000000000000 0000000000000000
0x000000cd8e1fe270:   0000000000000000 0000000000000000
0x000000cd8e1fe280:   0000000000000000 0000000000000000
0x000000cd8e1fe290:   0000000000000000 0000000000000000
0x000000cd8e1fe2a0:   0000000000000000 0000000000000000
0x000000cd8e1fe2b0:   0000000000000000 0000000000000000
0x000000cd8e1fe2c0:   0000000000000000 0000000000000000 

Instructions: (pc=0x00007ffaeb021b85)
0x00007ffaeb021a85:   48 85 c9 74 1d 80 3d 7f 45 00 00 00 74 06 48 8b
0x00007ffaeb021a95:   53 18 eb 04 48 8b 53 40 e8 9a 0e 00 00 48 83 63
0x00007ffaeb021aa5:   48 00 8b 4b 0c 83 f9 ff 74 09 e8 d0 0c 00 00 83
0x00007ffaeb021ab5:   4b 0c ff 48 8b 4b 70 48 85 c9 74 0f ba 10 00 00
0x00007ffaeb021ac5:   00 e8 f1 0e 00 00 48 83 63 70 00 48 83 c4 20 5b
0x00007ffaeb021ad5:   c3 cc cc 40 53 48 83 ec 20 48 8b d9 48 8d 0d 38
0x00007ffaeb021ae5:   47 00 00 e8 9f 0c 00 00 83 6b 08 01 75 24 48 8b
0x00007ffaeb021af5:   d3 48 8d 0d 1b 45 00 00 e8 22 08 00 00 48 8b cb
0x00007ffaeb021b05:   e8 d6 fe ff ff ba 78 00 00 00 48 8b cb e8 a5 0e
0x00007ffaeb021b15:   00 00 48 8d 0d 02 47 00 00 48 83 c4 20 5b e9 6c
0x00007ffaeb021b25:   0c 00 00 48 89 5c 24 08 48 89 74 24 10 57 48 83
0x00007ffaeb021b35:   ec 20 41 8b f1 4d 8b c8 48 8b fa 4c 8b d9 4d 85
0x00007ffaeb021b45:   c0 74 78 85 f6 74 74 44 8a 12 48 8d 5a 01 48 8b
0x00007ffaeb021b55:   d3 b8 93 01 00 01 eb 12 69 c0 93 01 00 01 41 0f
0x00007ffaeb021b65:   b6 ca 44 8a 12 33 c1 48 ff c2 45 84 d2 75 e9 4d
0x00007ffaeb021b75:   8b 03 0f ba f0 1f 33 d2 49 8b cb f7 f6 48 63 c2
0x00007ffaeb021b85:   41 8b 14 81 41 ff 50 08 85 c0 7e 24 8a 0f eb 10
0x00007ffaeb021b95:   69 c0 93 01 00 01 0f b6 c9 33 c1 8a 0b 48 ff c3
0x00007ffaeb021ba5:   84 c9 75 ec 0f ba f0 1f 33 d2 f7 f6 8b c2 eb 0e
0x00007ffaeb021bb5:   79 09 83 c9 ff 2b c8 8b c1 eb 03 83 c8 ff 48 8b
0x00007ffaeb021bc5:   5c 24 30 48 8b 74 24 38 48 83 c4 20 5f c3 cc 48
0x00007ffaeb021bd5:   89 5c 24 08 48 89 74 24 10 57 48 83 ec 20 48 8b
0x00007ffaeb021be5:   f1 48 8d 0d 33 46 00 00 e8 9a 0b 00 00 33 ff 39
0x00007ffaeb021bf5:   3d 1e 44 00 00 76 24 48 8b 05 1d 44 00 00 48 8b
0x00007ffaeb021c05:   d6 48 8b 1c f8 48 8b 0b e8 68 1e 00 00 85 c0 74
0x00007ffaeb021c15:   2b ff c7 3b 3d fa 43 00 00 72 dc 33 db 48 8d 0d
0x00007ffaeb021c25:   f7 45 00 00 e8 66 0b 00 00 48 8b 74 24 38 48 8b
0x00007ffaeb021c35:   c3 48 8b 5c 24 30 48 83 c4 20 5f c3 ff 43 08 eb
0x00007ffaeb021c45:   dc cc cc 48 89 5c 24 08 48 89 74 24 10 57 48 83
0x00007ffaeb021c55:   ec 20 48 8b d9 48 8b f2 48 8b 49 10 49 8b f8 8b
0x00007ffaeb021c65:   53 30 48 8b 01 ff 50 20 4c 8b 43 50 48 8b d6 48
0x00007ffaeb021c75:   8b 4b 10 44 8b c8 e8 a8 fe ff ff 83 f8 ff 74 38 



---------------  P R O C E S S  ---------------

VM state: not at safepoint (not fully initialized)

VM Mutex/Monitor currently owned by a thread: None

CDS archive(s) mapped at: [0x0000000000000000-0x0000000000000000-0x0000000000000000), size 0, SharedBaseAddress: 0x0000000800000000, ArchiveRelocationMode: 1.
Narrow klass base: 0x0000000000000000, Narrow klass shift: 0, Narrow klass range: 0x0

GC Precious Log:
<Not initialized>


Dynamic libraries:
0x00007ff79d4c0000 - 0x00007ff79d4d0000 	C:\Program Files\Java\jdk-21\bin\java.exe
0x00007ffb10ae0000 - 0x00007ffb10d46000 	C:\WINDOWS\SYSTEM32\ntdll.dll
0x00007ffb0f810000 - 0x00007ffb0f8d9000 	C:\WINDOWS\System32\KERNEL32.DLL
0x00007ffb0e350000 - 0x00007ffb0e71c000 	C:\WINDOWS\System32\KERNELBASE.dll
0x00007ffb0df40000 - 0x00007ffb0e08b000 	C:\WINDOWS\System32\ucrtbase.dll
0x00007ffad8400000 - 0x00007ffad841b000 	C:\Program Files\Java\jdk-21\bin\VCRUNTIME140.dll
0x00007ffaec9f0000 - 0x00007ffaeca09000 	C:\Program Files\Java\jdk-21\bin\jli.dll
0x00007ffb0fb90000 - 0x00007ffb0fc42000 	C:\WINDOWS\System32\ADVAPI32.dll
0x00007ffb10010000 - 0x00007ffb100b9000 	C:\WINDOWS\System32\msvcrt.dll
0x00007ffb0f230000 - 0x00007ffb0f2d6000 	C:\WINDOWS\System32\sechost.dll
0x00007ffb104f0000 - 0x00007ffb10606000 	C:\WINDOWS\System32\RPCRT4.dll
0x00007ffb0f320000 - 0x00007ffb0f4ea000 	C:\WINDOWS\System32\USER32.dll
0x00007ffafac60000 - 0x00007ffafaefa000 	C:\WINDOWS\WinSxS\amd64_microsoft.windows.common-controls_6595b64144ccf1df_6.0.26100.3912_none_3e07963ce335137e\COMCTL32.dll
0x00007ffb0e1e0000 - 0x00007ffb0e207000 	C:\WINDOWS\System32\win32u.dll
0x00007ffb0f2f0000 - 0x00007ffb0f31b000 	C:\WINDOWS\System32\GDI32.dll
0x00007ffb0e210000 - 0x00007ffb0e342000 	C:\WINDOWS\System32\gdi32full.dll
0x00007ffb0e130000 - 0x00007ffb0e1d3000 	C:\WINDOWS\System32\msvcp_win.dll
0x00007ffafea80000 - 0x00007ffafea8b000 	C:\WINDOWS\SYSTEM32\VERSION.dll
0x00007ffb0f1f0000 - 0x00007ffb0f220000 	C:\WINDOWS\System32\IMM32.DLL
0x00007ffaece80000 - 0x00007ffaece8c000 	C:\Program Files\Java\jdk-21\bin\vcruntime140_1.dll
0x00007ffa6bf90000 - 0x00007ffa6c01e000 	C:\Program Files\Java\jdk-21\bin\msvcp140.dll
0x00007ffa42cc0000 - 0x00007ffa439d8000 	C:\Program Files\Java\jdk-21\bin\server\jvm.dll
0x00007ffb0f790000 - 0x00007ffb0f804000 	C:\WINDOWS\System32\WS2_32.dll
0x00007ffb0d500000 - 0x00007ffb0d55e000 	C:\WINDOWS\SYSTEM32\POWRPROF.dll
0x00007ffb00d00000 - 0x00007ffb00d36000 	C:\WINDOWS\SYSTEM32\WINMM.dll
0x00007ffb0d490000 - 0x00007ffb0d4a4000 	C:\WINDOWS\SYSTEM32\UMPDC.dll
0x00007ffb0c9f0000 - 0x00007ffb0ca0a000 	C:\WINDOWS\SYSTEM32\kernel.appcore.dll
0x00007ffaeb020000 - 0x00007ffaeb02a000 	C:\Program Files\Java\jdk-21\bin\jimage.dll
0x00007ffb0b640000 - 0x00007ffb0b881000 	C:\WINDOWS\SYSTEM32\DBGHELP.DLL
0x00007ffb0fc80000 - 0x00007ffb10004000 	C:\WINDOWS\System32\combase.dll
0x00007ffb10330000 - 0x00007ffb10410000 	C:\WINDOWS\System32\OLEAUT32.dll
0x00007ffafda70000 - 0x00007ffafdaa9000 	C:\WINDOWS\SYSTEM32\dbgcore.DLL
0x00007ffb0e090000 - 0x00007ffb0e129000 	C:\WINDOWS\System32\bcryptPrimitives.dll

dbghelp: loaded successfully - version: 4.0.5 - missing functions: none
symbol engine: initialized successfully - sym options: 0x614 - pdb path: .;C:\Program Files\Java\jdk-21\bin;C:\WINDOWS\SYSTEM32;C:\WINDOWS\WinSxS\amd64_microsoft.windows.common-controls_6595b64144ccf1df_6.0.26100.3912_none_3e07963ce335137e;C:\Program Files\Java\jdk-21\bin\server

VM Arguments:
java_command: <unknown>
java_class_path (initial): <not set>
Launcher Type: SUN_STANDARD

[Global flags]
     bool UseLargePagesIndividualAllocation        = false                                  {pd product} {ergonomic}

Logging:
Log output configuration:
 #0: stdout all=warning uptime,level,tags foldmultilines=false
 #1: stderr all=off uptime,level,tags foldmultilines=false

Environment Variables:
JAVA_HOME=C:\Program Files\Java\jdk1.8.0_202
PATH=C:\Program Files\Common Files\Oracle\Java\javapath;C:\Program Files\Eclipse Adoptium\jdk-21.0.4.7-hotspot\bin;C:\Program Files (x86)\Common Files\Oracle\Java\javapath;C:\WINDOWS\system32;C:\WINDOWS;C:\WINDOWS\System32\Wbem;C:\WINDOWS\System32\WindowsPowerShell\v1.0\;C:\WINDOWS\System32\OpenSSH\;C:\Program Files\Microsoft SQL Server\150\Tools\Binn\;C:\Program Files\Microsoft SQL Server\Client SDK\ODBC\170\Tools\Binn\;C:\Program Files\dotnet\;C:\Program Files (x86)\Microsoft SQL Server\150\Tools\Binn\;C:\Program Files (x86)\Microsoft SQL Server\150\DTS\Binn\;C:\Program Files\Microsoft SQL Server\150\DTS\Binn\;C:\Program Files\Azure Data Studio\bin;C:\Program Files\Git\cmd;C:\Program Files\Microsoft SQL Server\130\Tools\Binn\;C:\Program Files (x86)\Microsoft SQL Server\110\DTS\Binn\;C:\Program Files (x86)\Microsoft SQL Server\120\DTS\Binn\;C:\Program Files (x86)\Microsoft SQL Server\130\DTS\Binn\;C:\Program Files (x86)\Microsoft SQL Server\140\DTS\Binn\;C:\Program Files (x86)\Microsoft SQL Server\160\DTS\Binn\;C:\Program Files\Amazon\AWSCLIV2\;C:\Program Files\Docker\Docker\resources\bin;C:\Users\Royss\AppData\Roaming\nvm;C:\Program Files\nodejs;C:\Program Files\MongoDB\Server\7.0\bin;C:\Program Files\Kubernetes\Minikube;C:\Program Files (x86)\PuTTY\;C:\Program Files\MongoDB\Tools\100\bin;C:\ProgramData\chocolatey\bin;C:\WINDOWS\system32;C:\WINDOWS;C:\WINDOWS\System32\Wbem;C:\WINDOWS\System32\WindowsPowerShell\v1.0\;C:\WINDOWS\System32\OpenSSH\;C:\Program Files (x86)\Google\Cloud SDK\google-cloud-sdk\bin;C:\Users\Royss\AppData\Local\Programs\Python\Python313;C:\Users\Royss\AppData\Local\Programs\Python\Python313\Scripts;C:\Users\Royss\AppData\Local\Programs\Python\Python313\Scripts\;C:\Users\Royss\AppData\Local\Programs\Python\Python313\;C:\Users\Royss\AppData\Local\Programs\Python\Launcher\;C:\Users\Royss\.console-ninja\.bin;C:\Users\Royss\AppData\Local\Microsoft\WindowsApps;C:\Users\Royss\AppData\Local\Programs\Microsoft VS Code\bin;C:\Users\Royss\.dotnet\tools;C:\Program Files\Azure Data Studio\bin;C:\Users\Royss\AppData\Roaming\npm;C:\Users\Royss\AppData\Roaming\nvm;C:\Program Files\nodejs;C:\Program Files (x86)\MongoDB Atlas CLI\;C:\Users\Royss\AppData\Local\JetBrains\Toolbox\scripts;C:\Users\Royss\AppData\Local\Microsoft\WindowsApps;
USERNAME=Royss
OS=Windows_NT
PROCESSOR_IDENTIFIER=AMD64 Family 25 Model 97 Stepping 2, AuthenticAMD
TMP=C:\Users\Royss\AppData\Local\Temp
TEMP=C:\Users\Royss\AppData\Local\Temp




Periodic native trim disabled

---------------  S Y S T E M  ---------------

OS:
 Windows 11 , 64 bit Build 26100 (10.0.26100.3912)
OS uptime: 0 days 4:29 hours

CPU: total 12 (initial active 0) 
Processor Information for all 12 processors :
  Max Mhz: 4701, Current Mhz: 4701, Mhz Limit: 4701

Memory: 4k page, system-wide physical 16103M (1079M free)
TotalPageFile size 65255M (AvailPageFile size 3M)
current process WorkingSet (physical memory assigned to process): 9M, peak: 9M
current process commit charge ("private bytes"): 3M, peak: 3M

vm_info: Java HotSpot(TM) 64-Bit Server VM (21.0.5+9-LTS-239) for windows-amd64 JRE (21.0.5+9-LTS-239), built on 2024-09-30T05:17:38Z by "mach5one" with MS VC++ 17.6 (VS2022)

END.
