#
# There is insufficient memory for the Java Runtime Environment to continue.
# Native memory allocation (malloc) failed to allocate 1048576 bytes for AllocateHeap
# Possible reasons:
#   The system is out of physical RAM or swap space
#   The process is running with CompressedOops enabled, and the Java Heap may be blocking the growth of the native heap
# Possible solutions:
#   Reduce memory load on the system
#   Increase physical memory or swap space
#   Check if swap backing store is full
#   Decrease Java heap size (-Xmx/-Xms)
#   Decrease number of Java threads
#   Decrease Java thread stack sizes (-Xss)
#   Set larger code cache with -XX:ReservedCodeCacheSize=
#   JVM is running with Unscaled Compressed Oops mode in which the Java heap is
#     placed in the first 4GB address space. The Java Heap base address is the
#     maximum limit for the native heap growth. Please use -XX:HeapBaseMinAddress
#     to set the Java Heap base and to place the Java Heap above 4GB virtual address.
# This output file may be truncated or incomplete.
#
#  Out of Memory Error (allocation.cpp:44), pid=114832, tid=115556
#
# JRE version:  (21.0.5+9) (build )
# Java VM: Java HotSpot(TM) 64-Bit Server VM (21.0.5+9-LTS-239, mixed mode, sharing, tiered, compressed oops, compressed class ptrs, g1 gc, windows-amd64)
# No core dump will be written. Minidumps are not enabled by default on client versions of Windows
#

---------------  S U M M A R Y ------------

Command Line: -Dfile.encoding=UTF-8 -agentlib:jdwp=transport=dt_shmem,address=javadebug --module-path=D:\01.1 UTP\CICLO03\ProgramacionOrientadaObjetos\ejercicios\ProyectoFinalPOO\build\classes View.Forms.FormMenu

Host: AMD Ryzen 5 7600X 6-Core Processor             , 12 cores, 15G,  Windows 11 , 64 bit Build 26100 (10.0.26100.3912)
Time: Thu Jun  5 17:51:01 2025 SA Pacific Standard Time elapsed time: 1.020710 seconds (0d 0h 0m 1s)

---------------  T H R E A D  ---------------

Current thread (0x000002ceea77e7b0):  JavaThread "Unknown thread" [_thread_in_vm, id=115556, stack(0x000000f449500000,0x000000f449600000) (1024K)]

Stack: [0x000000f449500000,0x000000f449600000]
Native frames: (J=compiled Java code, j=interpreted, Vv=VM code, C=native code)
V  [jvm.dll+0x6ca289]
V  [jvm.dll+0x854a51]
V  [jvm.dll+0x856f7e]
V  [jvm.dll+0x857653]
V  [jvm.dll+0x27dd26]
V  [jvm.dll+0xbf7d7]
V  [jvm.dll+0x325765]
V  [jvm.dll+0x81dddd]
V  [jvm.dll+0x3ba7c1]
V  [jvm.dll+0x807168]
V  [jvm.dll+0x44f96e]
V  [jvm.dll+0x451561]
C  [jli.dll+0x52a3]
C  [ucrtbase.dll+0x37b0]
C  [KERNEL32.DLL+0x2e8d7]
C  [ntdll.dll+0x9c5dc]


---------------  P R O C E S S  ---------------

Threads class SMR info:
_java_thread_list=0x00007ffa4388ac08, length=0, elements={
}

Java Threads: ( => current thread )
Total: 0

Other Threads:

=>0x000002ceea77e7b0 (exited) JavaThread "Unknown thread"    [_thread_in_vm, id=115556, stack(0x000000f449500000,0x000000f449600000) (1024K)]
Total: 1

Threads with active compile tasks:
Total: 0

VM state: not at safepoint (not fully initialized)

VM Mutex/Monitor currently owned by a thread: None

Heap address: 0x0000000000000000, size: 0 MB, Compressed Oops mode: 32-bit

CDS archive(s) mapped at: [0x0000000000000000-0x0000000000000000-0x0000000000000000), size 0, SharedBaseAddress: 0x0000000800000000, ArchiveRelocationMode: 1.
Narrow klass base: 0x0000000000000000, Narrow klass shift: 0, Narrow klass range: 0x0

GC Precious Log:
 CardTable entry size: 512
 Card Set container configuration: InlinePtr #cards 4 size 8 Array Of Cards #cards 16 size 48 Howl #buckets 8 coarsen threshold 3686 Howl Bitmap #cards 512 size 80 coarsen threshold 460 Card regions per heap region 1 cards per card region 4096

GC Heap History (0 events):
No events

Dll operation events (1 events):
Event: 0.006 Loaded shared library C:\Program Files\Java\jdk-21\bin\java.dll

Deoptimization events (0 events):
No events

Classes loaded (0 events):
No events

Classes unloaded (0 events):
No events

Classes redefined (0 events):
No events

Internal exceptions (0 events):
No events

ZGC Phase Switch (0 events):
No events

VM Operations (0 events):
No events

Events (0 events):
No events


Dynamic libraries:
0x00007ff6268f0000 - 0x00007ff626900000 	C:\Program Files\Java\jdk-21\bin\java.exe
0x00007ffb10ae0000 - 0x00007ffb10d46000 	C:\WINDOWS\SYSTEM32\ntdll.dll
0x00007ffb0f810000 - 0x00007ffb0f8d9000 	C:\WINDOWS\System32\KERNEL32.DLL
0x00007ffb0e350000 - 0x00007ffb0e71c000 	C:\WINDOWS\System32\KERNELBASE.dll
0x00007ffb0df40000 - 0x00007ffb0e08b000 	C:\WINDOWS\System32\ucrtbase.dll
0x00007ffad8400000 - 0x00007ffad841b000 	C:\Program Files\Java\jdk-21\bin\VCRUNTIME140.dll
0x00007ffaec9f0000 - 0x00007ffaeca09000 	C:\Program Files\Java\jdk-21\bin\jli.dll
0x00007ffb0fb90000 - 0x00007ffb0fc42000 	C:\WINDOWS\System32\ADVAPI32.dll
0x00007ffb10010000 - 0x00007ffb100b9000 	C:\WINDOWS\System32\msvcrt.dll
0x00007ffb0f230000 - 0x00007ffb0f2d6000 	C:\WINDOWS\System32\sechost.dll
0x00007ffb104f0000 - 0x00007ffb10606000 	C:\WINDOWS\System32\RPCRT4.dll
0x00007ffb0f320000 - 0x00007ffb0f4ea000 	C:\WINDOWS\System32\USER32.dll
0x00007ffafac60000 - 0x00007ffafaefa000 	C:\WINDOWS\WinSxS\amd64_microsoft.windows.common-controls_6595b64144ccf1df_6.0.26100.3912_none_3e07963ce335137e\COMCTL32.dll
0x00007ffb0e1e0000 - 0x00007ffb0e207000 	C:\WINDOWS\System32\win32u.dll
0x00007ffb0f2f0000 - 0x00007ffb0f31b000 	C:\WINDOWS\System32\GDI32.dll
0x00007ffb0e210000 - 0x00007ffb0e342000 	C:\WINDOWS\System32\gdi32full.dll
0x00007ffb0e130000 - 0x00007ffb0e1d3000 	C:\WINDOWS\System32\msvcp_win.dll
0x00007ffafea80000 - 0x00007ffafea8b000 	C:\WINDOWS\SYSTEM32\VERSION.dll
0x00007ffb0f1f0000 - 0x00007ffb0f220000 	C:\WINDOWS\System32\IMM32.DLL
0x00007ffaece80000 - 0x00007ffaece8c000 	C:\Program Files\Java\jdk-21\bin\vcruntime140_1.dll
0x00007ffa6bf90000 - 0x00007ffa6c01e000 	C:\Program Files\Java\jdk-21\bin\msvcp140.dll
0x00007ffa42cc0000 - 0x00007ffa439d8000 	C:\Program Files\Java\jdk-21\bin\server\jvm.dll
0x00007ffb0f790000 - 0x00007ffb0f804000 	C:\WINDOWS\System32\WS2_32.dll
0x00007ffb0d500000 - 0x00007ffb0d55e000 	C:\WINDOWS\SYSTEM32\POWRPROF.dll
0x00007ffb00d00000 - 0x00007ffb00d36000 	C:\WINDOWS\SYSTEM32\WINMM.dll
0x00007ffb0d490000 - 0x00007ffb0d4a4000 	C:\WINDOWS\SYSTEM32\UMPDC.dll
0x00007ffb0c9f0000 - 0x00007ffb0ca0a000 	C:\WINDOWS\SYSTEM32\kernel.appcore.dll
0x00007ffaeb020000 - 0x00007ffaeb02a000 	C:\Program Files\Java\jdk-21\bin\jimage.dll
0x00007ffb0b640000 - 0x00007ffb0b881000 	C:\WINDOWS\SYSTEM32\DBGHELP.DLL
0x00007ffb0fc80000 - 0x00007ffb10004000 	C:\WINDOWS\System32\combase.dll
0x00007ffb10330000 - 0x00007ffb10410000 	C:\WINDOWS\System32\OLEAUT32.dll
0x00007ffafda70000 - 0x00007ffafdaa9000 	C:\WINDOWS\SYSTEM32\dbgcore.DLL
0x00007ffb0e090000 - 0x00007ffb0e129000 	C:\WINDOWS\System32\bcryptPrimitives.dll
0x00007ffae1b00000 - 0x00007ffae1b3c000 	C:\Program Files\Java\jdk-21\bin\jdwp.dll
0x00007ffad6f30000 - 0x00007ffad6f4f000 	C:\Program Files\Java\jdk-21\bin\java.dll

dbghelp: loaded successfully - version: 4.0.5 - missing functions: none
symbol engine: initialized successfully - sym options: 0x614 - pdb path: .;C:\Program Files\Java\jdk-21\bin;C:\WINDOWS\SYSTEM32;C:\WINDOWS\WinSxS\amd64_microsoft.windows.common-controls_6595b64144ccf1df_6.0.26100.3912_none_3e07963ce335137e;C:\Program Files\Java\jdk-21\bin\server

VM Arguments:
jvm_args: -Dfile.encoding=UTF-8 -agentlib:jdwp=transport=dt_shmem,address=javadebug --module-path=D:\01.1 UTP\CICLO03\ProgramacionOrientadaObjetos\ejercicios\ProyectoFinalPOO\build\classes 
java_command: View.Forms.FormMenu
java_class_path (initial): D:\Downloads\mysql-connector-j-8.0.31-javadoc.jar;D:\Downloads\mysql-connector-j-8.0.31.jar;D:\Downloads\gson-2.13.1.jar;D:\01.1 UTP\CICLO03\ProgramacionOrientadaObjetos\ejercicios\ProyectoFinalPOO\build\classes
Launcher Type: SUN_STANDARD

[Global flags]
     intx CICompilerCount                          = 4                                         {product} {ergonomic}
     uint ConcGCThreads                            = 3                                         {product} {ergonomic}
     uint G1ConcRefinementThreads                  = 10                                        {product} {ergonomic}
   size_t G1HeapRegionSize                         = 2097152                                   {product} {ergonomic}
    uintx GCDrainStackTargetSize                   = 64                                        {product} {ergonomic}
   size_t InitialHeapSize                          = 264241152                                 {product} {ergonomic}
   size_t MarkStackSize                            = 4194304                                   {product} {ergonomic}
   size_t MaxHeapSize                              = 4221566976                                {product} {ergonomic}
   size_t MinHeapDeltaBytes                        = 2097152                                   {product} {ergonomic}
   size_t MinHeapSize                              = 8388608                                   {product} {ergonomic}
    uintx NonNMethodCodeHeapSize                   = 5839372                                {pd product} {ergonomic}
    uintx NonProfiledCodeHeapSize                  = 122909434                              {pd product} {ergonomic}
    uintx ProfiledCodeHeapSize                     = 122909434                              {pd product} {ergonomic}
    uintx ReservedCodeCacheSize                    = 251658240                              {pd product} {ergonomic}
     bool SegmentedCodeCache                       = true                                      {product} {ergonomic}
   size_t SoftMaxHeapSize                          = 4221566976                             {manageable} {ergonomic}
     bool UseCompressedOops                        = true                           {product lp64_product} {ergonomic}
     bool UseG1GC                                  = true                                      {product} {ergonomic}
     bool UseLargePagesIndividualAllocation        = false                                  {pd product} {ergonomic}

Logging:
Log output configuration:
 #0: stdout all=warning uptime,level,tags foldmultilines=false
 #1: stderr all=off uptime,level,tags foldmultilines=false

Environment Variables:
JAVA_HOME=C:\Program Files\Java\jdk1.8.0_202
PATH=C:\Program Files\Common Files\Oracle\Java\javapath;C:\Program Files\Eclipse Adoptium\jdk-21.0.4.7-hotspot\bin;C:\Program Files (x86)\Common Files\Oracle\Java\javapath;C:\WINDOWS\system32;C:\WINDOWS;C:\WINDOWS\System32\Wbem;C:\WINDOWS\System32\WindowsPowerShell\v1.0\;C:\WINDOWS\System32\OpenSSH\;C:\Program Files\Microsoft SQL Server\150\Tools\Binn\;C:\Program Files\Microsoft SQL Server\Client SDK\ODBC\170\Tools\Binn\;C:\Program Files\dotnet\;C:\Program Files (x86)\Microsoft SQL Server\150\Tools\Binn\;C:\Program Files (x86)\Microsoft SQL Server\150\DTS\Binn\;C:\Program Files\Microsoft SQL Server\150\DTS\Binn\;C:\Program Files\Azure Data Studio\bin;C:\Program Files\Git\cmd;C:\Program Files\Microsoft SQL Server\130\Tools\Binn\;C:\Program Files (x86)\Microsoft SQL Server\110\DTS\Binn\;C:\Program Files (x86)\Microsoft SQL Server\120\DTS\Binn\;C:\Program Files (x86)\Microsoft SQL Server\130\DTS\Binn\;C:\Program Files (x86)\Microsoft SQL Server\140\DTS\Binn\;C:\Program Files (x86)\Microsoft SQL Server\160\DTS\Binn\;C:\Program Files\Amazon\AWSCLIV2\;C:\Program Files\Docker\Docker\resources\bin;C:\Users\Royss\AppData\Roaming\nvm;C:\Program Files\nodejs;C:\Program Files\MongoDB\Server\7.0\bin;C:\Program Files\Kubernetes\Minikube;C:\Program Files (x86)\PuTTY\;C:\Program Files\MongoDB\Tools\100\bin;C:\ProgramData\chocolatey\bin;C:\WINDOWS\system32;C:\WINDOWS;C:\WINDOWS\System32\Wbem;C:\WINDOWS\System32\WindowsPowerShell\v1.0\;C:\WINDOWS\System32\OpenSSH\;C:\Program Files (x86)\Google\Cloud SDK\google-cloud-sdk\bin;C:\Users\Royss\AppData\Local\Programs\Python\Python313;C:\Users\Royss\AppData\Local\Programs\Python\Python313\Scripts;C:\Users\Royss\AppData\Local\Programs\Python\Python313\Scripts\;C:\Users\Royss\AppData\Local\Programs\Python\Python313\;C:\Users\Royss\AppData\Local\Programs\Python\Launcher\;C:\Users\Royss\.console-ninja\.bin;C:\Users\Royss\AppData\Local\Microsoft\WindowsApps;C:\Users\Royss\AppData\Local\Programs\Microsoft VS Code\bin;C:\Users\Royss\.dotnet\tools;C:\Program Files\Azure Data Studio\bin;C:\Users\Royss\AppData\Roaming\npm;C:\Users\Royss\AppData\Roaming\nvm;C:\Program Files\nodejs;C:\Program Files (x86)\MongoDB Atlas CLI\;C:\Users\Royss\AppData\Local\JetBrains\Toolbox\scripts;C:\Users\Royss\AppData\Local\Microsoft\WindowsApps;
USERNAME=Royss
OS=Windows_NT
PROCESSOR_IDENTIFIER=AMD64 Family 25 Model 97 Stepping 2, AuthenticAMD
TMP=C:\Users\Royss\AppData\Local\Temp
TEMP=C:\Users\Royss\AppData\Local\Temp




Periodic native trim disabled

---------------  S Y S T E M  ---------------

OS:
 Windows 11 , 64 bit Build 26100 (10.0.26100.3912)
OS uptime: 0 days 4:29 hours
Hyper-V role detected

CPU: total 12 (initial active 12) (12 cores per cpu, 2 threads per core) family 25 model 97 stepping 2 microcode 0xa601201, cx8, cmov, fxsr, ht, mmx, 3dnowpref, sse, sse2, sse3, ssse3, sse4a, sse4.1, sse4.2, popcnt, lzcnt, tsc, tscinvbit, avx, avx2, aes, erms, clmul, bmi1, bmi2, adx, avx512f, avx512dq, avx512cd, avx512bw, avx512vl, sha, fma, vzeroupper, avx512_vpopcntdq, avx512_vpclmulqdq, avx512_vaes, avx512_vnni, clflush, clflushopt, avx512_vbmi2, avx512_vbmi, hv, rdtscp, rdpid, fsrm, gfni, avx512_bitalg, f16c, cet_ss, avx512_ifma
Processor Information for all 12 processors :
  Max Mhz: 4701, Current Mhz: 4701, Mhz Limit: 4701

Memory: 4k page, system-wide physical 16103M (1098M free)
TotalPageFile size 65255M (AvailPageFile size 20M)
current process WorkingSet (physical memory assigned to process): 11M, peak: 11M
current process commit charge ("private bytes"): 19M, peak: 20M

vm_info: Java HotSpot(TM) 64-Bit Server VM (21.0.5+9-LTS-239) for windows-amd64 JRE (21.0.5+9-LTS-239), built on 2024-09-30T05:17:38Z by "mach5one" with MS VC++ 17.6 (VS2022)

END.
